# JRE version: Java(TM) SE Runtime Environment (8.0_25-b18) (build 1.8.0_25-b18)
# Java VM: Java HotSpot(TM) 64-Bit Server VM (25.25-b02 mixed mode windows-amd64 compressed oops)
Heap:
 PSYoungGen      total 54272K, used 21102K [0x00000007bc400000, 0x00000007c0000000, 0x00000007c0000000)
  eden space 46592K, 41% used [0x00000007bc400000,0x00000007bd6b9fb8,0x00000007bf180000)
  from space 7680K, 25% used [0x00000007bf880000,0x00000007bfa619a0,0x00000007c0000000)
  to   space 7168K, 0% used [0x00000007bf180000,0x00000007bf180000,0x00000007bf880000)
 ParOldGen       total 175104K, used 77014K [0x0000000700000000, 0x000000070ab00000, 0x00000007bc400000)
  object space 175104K, 43% used [0x0000000700000000,0x0000000704b35b48,0x000000070ab00000)
 Metaspace       used 73552K, capacity 73901K, committed 74624K, reserved 1112064K
  class space    used 10986K, capacity 11051K, committed 11136K, reserved 1048576K
GC Heap History (10 events):
Event: 6877.833 GC heap before
{Heap before GC invocations=144 (full 12):
 PSYoungGen      total 52224K, used 43758K [0x00000007bc400000, 0x00000007c0000000, 0x00000007c0000000)
  eden space 43008K, 100% used [0x00000007bc400000,0x00000007bee00000,0x00000007bee00000)
  from space 9216K, 8% used [0x00000007bee00000,0x00000007beebb828,0x00000007bf700000)
  to   space 8704K, 0% used [0x00000007bf780000,0x00000007bf780000,0x00000007c0000000)
 ParOldGen       total 175104K, used 77014K [0x0000000700000000, 0x000000070ab00000, 0x00000007bc400000)
  object space 175104K, 43% used [0x0000000700000000,0x0000000704b35b48,0x000000070ab00000)
 Metaspace       used 73471K, capacity 73837K, committed 74368K, reserved 1112064K
  class space    used 10986K, capacity 11051K, committed 11136K, reserved 1048576K
Event: 6877.841 GC heap after
Heap after GC invocations=144 (full 12):
 PSYoungGen      total 52736K, used 928K [0x00000007bc400000, 0x00000007c0000000, 0x00000007c0000000)
  eden space 44032K, 0% used [0x00000007bc400000,0x00000007bc400000,0x00000007bef00000)
  from space 8704K, 10% used [0x00000007bf780000,0x00000007bf868158,0x00000007c0000000)
  to   space 8704K, 0% used [0x00000007bef00000,0x00000007bef00000,0x00000007bf780000)
 ParOldGen       total 175104K, used 77014K [0x0000000700000000, 0x000000070ab00000, 0x00000007bc400000)
  object space 175104K, 43% used [0x0000000700000000,0x0000000704b35b48,0x000000070ab00000)
 Metaspace       used 73471K, capacity 73837K, committed 74368K, reserved 1112064K
  class space    used 10986K, capacity 11051K, committed 11136K, reserved 1048576K
}
Event: 6884.415 GC heap before
{Heap before GC invocations=145 (full 12):
 PSYoungGen      total 52736K, used 44960K [0x00000007bc400000, 0x00000007c0000000, 0x00000007c0000000)
  eden space 44032K, 100% used [0x00000007bc400000,0x00000007bef00000,0x00000007bef00000)
  from space 8704K, 10% used [0x00000007bf780000,0x00000007bf868158,0x00000007c0000000)
  to   space 8704K, 0% used [0x00000007bef00000,0x00000007bef00000,0x00000007bf780000)
 ParOldGen       total 175104K, used 77014K [0x0000000700000000, 0x000000070ab00000, 0x00000007bc400000)
  object space 175104K, 43% used [0x0000000700000000,0x0000000704b35b48,0x000000070ab00000)
 Metaspace       used 73514K, capacity 73901K, committed 74624K, reserved 1112064K
  class space    used 10986K, capacity 11051K, committed 11136K, reserved 1048576K
Event: 6884.423 GC heap after
Heap after GC invocations=145 (full 12):
 PSYoungGen      total 52736K, used 1640K [0x00000007bc400000, 0x00000007c0000000, 0x00000007c0000000)
  eden space 44032K, 0% used [0x00000007bc400000,0x00000007bc400000,0x00000007bef00000)
  from space 8704K, 18% used [0x00000007bef00000,0x00000007bf09a3d8,0x00000007bf780000)
  to   space 8192K, 0% used [0x00000007bf800000,0x00000007bf800000,0x00000007c0000000)
 ParOldGen       total 175104K, used 77014K [0x0000000700000000, 0x000000070ab00000, 0x00000007bc400000)
  object space 175104K, 43% used [0x0000000700000000,0x0000000704b35b48,0x000000070ab00000)
 Metaspace       used 73514K, capacity 73901K, committed 74624K, reserved 1112064K
  class space    used 10986K, capacity 11051K, committed 11136K, reserved 1048576K
}
Event: 6944.806 GC heap before
{Heap before GC invocations=146 (full 12):
 PSYoungGen      total 52736K, used 45672K [0x00000007bc400000, 0x00000007c0000000, 0x00000007c0000000)
  eden space 44032K, 100% used [0x00000007bc400000,0x00000007bef00000,0x00000007bef00000)
  from space 8704K, 18% used [0x00000007bef00000,0x00000007bf09a3d8,0x00000007bf780000)
  to   space 8192K, 0% used [0x00000007bf800000,0x00000007bf800000,0x00000007c0000000)
 ParOldGen       total 175104K, used 77014K [0x0000000700000000, 0x000000070ab00000, 0x00000007bc400000)
  object space 175104K, 43% used [0x0000000700000000,0x0000000704b35b48,0x000000070ab00000)
 Metaspace       used 73522K, capacity 73901K, committed 74624K, reserved 1112064K
  class space    used 10986K, capacity 11051K, committed 11136K, reserved 1048576K
Event: 6944.813 GC heap after
Heap after GC invocations=146 (full 12):
 PSYoungGen      total 53760K, used 1985K [0x00000007bc400000, 0x00000007c0000000, 0x00000007c0000000)
  eden space 45568K, 0% used [0x00000007bc400000,0x00000007bc400000,0x00000007bf080000)
  from space 8192K, 24% used [0x00000007bf800000,0x00000007bf9f0550,0x00000007c0000000)
  to   space 7680K, 0% used [0x00000007bf080000,0x00000007bf080000,0x00000007bf800000)
 ParOldGen       total 175104K, used 77014K [0x0000000700000000, 0x000000070ab00000, 0x00000007bc400000)
  object space 175104K, 43% used [0x0000000700000000,0x0000000704b35b48,0x000000070ab00000)
 Metaspace       used 73522K, capacity 73901K, committed 74624K, reserved 1112064K
  class space    used 10986K, capacity 11051K, committed 11136K, reserved 1048576K
}
Event: 6947.652 GC heap before
{Heap before GC invocations=147 (full 12):
 PSYoungGen      total 53760K, used 47553K [0x00000007bc400000, 0x00000007c0000000, 0x00000007c0000000)
  eden space 45568K, 100% used [0x00000007bc400000,0x00000007bf080000,0x00000007bf080000)
  from space 8192K, 24% used [0x00000007bf800000,0x00000007bf9f0550,0x00000007c0000000)
  to   space 7680K, 0% used [0x00000007bf080000,0x00000007bf080000,0x00000007bf800000)
 ParOldGen       total 175104K, used 77014K [0x0000000700000000, 0x000000070ab00000, 0x00000007bc400000)
  object space 175104K, 43% used [0x0000000700000000,0x0000000704b35b48,0x000000070ab00000)
 Metaspace       used 73523K, capacity 73901K, committed 74624K, reserved 1112064K
  class space    used 10986K, capacity 11051K, committed 11136K, reserved 1048576K
Event: 6947.660 GC heap after
Heap after GC invocations=147 (full 12):
 PSYoungGen      total 53248K, used 1889K [0x00000007bc400000, 0x00000007c0000000, 0x00000007c0000000)
  eden space 45568K, 0% used [0x00000007bc400000,0x00000007bc400000,0x00000007bf080000)
  from space 7680K, 24% used [0x00000007bf080000,0x00000007bf258550,0x00000007bf800000)
  to   space 7680K, 0% used [0x00000007bf880000,0x00000007bf880000,0x00000007c0000000)
 ParOldGen       total 175104K, used 77014K [0x0000000700000000, 0x000000070ab00000, 0x00000007bc400000)
  object space 175104K, 43% used [0x0000000700000000,0x0000000704b35b48,0x000000070ab00000)
 Metaspace       used 73523K, capacity 73901K, committed 74624K, reserved 1112064K
  class space    used 10986K, capacity 11051K, committed 11136K, reserved 1048576K
}
Event: 6949.769 GC heap before
{Heap before GC invocations=148 (full 12):
 PSYoungGen      total 53248K, used 47457K [0x00000007bc400000, 0x00000007c0000000, 0x00000007c0000000)
  eden space 45568K, 100% used [0x00000007bc400000,0x00000007bf080000,0x00000007bf080000)
  from space 7680K, 24% used [0x00000007bf080000,0x00000007bf258550,0x00000007bf800000)
  to   space 7680K, 0% used [0x00000007bf880000,0x00000007bf880000,0x00000007c0000000)
 ParOldGen       total 175104K, used 77014K [0x0000000700000000, 0x000000070ab00000, 0x00000007bc400000)
  object space 175104K, 43% used [0x0000000700000000,0x0000000704b35b48,0x000000070ab00000)
 Metaspace       used 73524K, capacity 73901K, committed 74624K, reserved 1112064K
  class space    used 10986K, capacity 11051K, committed 11136K, reserved 1048576K
Event: 6949.783 GC heap after
Heap after GC invocations=148 (full 12):
 PSYoungGen      total 54272K, used 1926K [0x00000007bc400000, 0x00000007c0000000, 0x00000007c0000000)
  eden space 46592K, 0% used [0x00000007bc400000,0x00000007bc400000,0x00000007bf180000)
  from space 7680K, 25% used [0x00000007bf880000,0x00000007bfa619a0,0x00000007c0000000)
  to   space 7168K, 0% used [0x00000007bf180000,0x00000007bf180000,0x00000007bf880000)
 ParOldGen       total 175104K, used 77014K [0x0000000700000000, 0x000000070ab00000, 0x00000007bc400000)
  object space 175104K, 43% used [0x0000000700000000,0x0000000704b35b48,0x000000070ab00000)
 Metaspace       used 73524K, capacity 73901K, committed 74624K, reserved 1112064K
  class space    used 10986K, capacity 11051K, committed 11136K, reserved 1048576K
}

